Parser Options
  Input file: C:\Users\Fabian Sorn\Desktop\test.pov (compatible to version 3.70)
  Remove bounds........On 
  Split unions.........Off
  Library paths:
    C:\Users\Fabian Sorn\Documents\POV-Ray\v3.7\include
    C:\Windows\Fonts
  Clock value:    0.000  (Animation off)
Image Output Options
  Image resolution.....1920 by 1080 (rows 1 to 1080, columns 1 to 1920).
  Output file..........C:\Users\Fabian Sorn\Desktop\test.png, 32 bpp with alpha
 PNG
  Dithering............Off
  Graphic display......On  (gamma: sRGB)
  Mosaic preview.......Off
  Continued trace......Off
Information Output Options
  All Streams to console..........On 
  Debug Stream to console.........On 
  Fatal Stream to console.........On 
  Render Stream to console........On 
  Statistics Stream to console....On 
  Warning Stream to console.......On 
File: C:\Users\Fabian Sorn\Desktop\test.pov  Line: 4996
File Context (5 lines):
            uv_mapping image_map {
                None
Parse Error: Expected 'map file spec', undeclared identifier 'None' found
 instead
